[2011-02-16 09-24-06] PHP Fatal error: Uncaught exception MemberAccessException with message 'Call to undefined method Admin_PhotoPresenter::questionDelete().' in /var/www/projekty/aero/libs/Nette/Nette/loader.php:4727  @  http://localhost/projekty/aero/web/admin/photo/view?confirmForm-id=1&id=1&lang=cs&do=confirmForm-confirmDelete
[2011-02-16 17-16-33] PHP Fatal error: Uncaught exception MemberAccessException with message 'Call to undefined method Admin_PhotoPresenter::questionDelete().' in /var/www/projekty/aero/libs/Nette/Nette/loader.php:4727  @  http://localhost/projekty/aero/web/admin/photo/view?confirmForm-id=2&id=2&lang=cs&do=confirmForm-confirmDelete
[2011-02-16 17-18-33] PHP Fatal error: The variable 'gallery' does not exist in template. in /var/www/projekty/aero/libs/Nette/Nette/loader.php:3837  @  http://localhost/projekty/aero/web/admin/photo/view?confirmForm-id=2&id=2&lang=cs&do=confirmForm-confirmDelete
[2011-02-16 17-18-41] PHP Fatal error: The variable 'gallery' does not exist in template. in /var/www/projekty/aero/libs/Nette/Nette/loader.php:3837  @  http://localhost/projekty/aero/web/admin/photo/view?confirmForm-id=2&id=2&lang=cs&do=confirmForm-confirmDelete
[2011-02-16 17-59-21] PHP Fatal error: Uncaught exception PDOException with message 'SQLSTATE[42S02]: Base table or view not found: 1146 Table 'aero.photos' doesn't exist' in /var/www/projekty/aero/libs/NotORM/NotORM/Result.php:140  @  http://localhost/projekty/aero/web/admin/photo/view?id=2&lang=cs&do=confirmForm-form-submit
[2011-02-16 17-59-39] PHP Fatal error: Uncaught exception PDOException with message 'SQLSTATE[42S02]: Base table or view not found: 1146 Table 'aero.photos' doesn't exist' in /var/www/projekty/aero/libs/NotORM/NotORM/Result.php:140  @  http://localhost/projekty/aero/web/admin/photo/view?id=2&lang=cs&do=confirmForm-form-submit
[2011-02-16 23-43-02] PHP Fatal error: Undefined variable: contentType in /var/www/projekty/aero/app/components/MultiUpload/MultiUpload.php:79  @  http://localhost/projekty/aero/web/admin/photo/upload?id=1&lang=cs&do=multiUpload-upload
[2011-02-16 23-43-13] PHP Fatal error: Undefined variable: contentType in /var/www/projekty/aero/app/components/MultiUpload/MultiUpload.php:78  @  http://localhost/projekty/aero/web/admin/photo/upload?id=1&lang=cs&do=multiUpload-upload
[2011-02-16 23-45-22] PHP Fatal error: Undefined variable: contentType in /var/www/projekty/aero/app/components/MultiUpload/MultiUpload.php:78  @  http://localhost/projekty/aero/web/admin/photo/upload?id=1&lang=cs&do=multiUpload-upload
[2011-02-16 23-53-32] PHP Fatal error: Undefined variable: contentType in /var/www/projekty/aero/app/components/MultiUpload/MultiUpload.php:78  @  http://localhost/projekty/aero/web/admin/photo/upload?id=1&lang=cs&do=multiUpload-upload
[2011-02-17 15-28-22] PHP Fatal error: Undefined variable: contentType in /var/www/projekty/aero/app/components/MultiUpload/MultiUpload.php:78  @  http://localhost/projekty/aero/web/admin/photo/upload?lang=cs&id=1&do=multiUpload-upload
[2011-02-17 15-28-27] PHP Fatal error: Undefined variable: contentType in /var/www/projekty/aero/app/components/MultiUpload/MultiUpload.php:78  @  http://localhost/projekty/aero/web/admin/photo/upload?lang=cs&id=1&do=multiUpload-upload
[2011-02-17 15-28-31] PHP Fatal error: Undefined variable: contentType in /var/www/projekty/aero/app/components/MultiUpload/MultiUpload.php:78  @  http://localhost/projekty/aero/web/admin/photo/upload?lang=cs&id=1&do=multiUpload-upload
[2011-02-17 15-35-18] PHP Fatal error: Undefined variable: contentType in /var/www/projekty/aero/app/components/MultiUpload/MultiUpload.php:78  @  http://localhost/projekty/aero/web/admin/photo/upload?id=1&lang=cs&do=multiUpload-upload
[2011-02-17 18-06-41] PHP Fatal error: Uncaught exception Exception with message 'Unknown image type or file 'gallery/photo/1/hpim2922.jpg' not found.' in /var/www/projekty/aero/libs/Nette/Nette/loader.php:4485  @  http://localhost/projekty/aero/web/admin/photo/view?photo_id=1&direction=-90&id=1&lang=cs&do=rotate
[2011-02-17 18-58-02] PHP Fatal error: Undefined variable: temp in /var/www/projekty/aero/app/AdminModule/presenters/PhotoPresenter.php:300  @  http://localhost/projekty/aero/web/admin/photo/view?id=1&lang=cs&do=confirmForm-form-submit
[2011-02-17 19-03-00] PHP Fatal error: Undefined variable: temp in /var/www/projekty/aero/app/AdminModule/presenters/PhotoPresenter.php:300  @  http://localhost/projekty/aero/web/admin/photo/view?id=2&lang=cs&do=confirmForm-form-submit
[2011-02-22 23-40-03] PHP Fatal error: array_key_exists() expects parameter 2 to be array, null given in /var/www/projekty/aero/libs/NotORM/NotORM/Row.php:129  @  http://localhost/projekty/aero/web/admin/video/view/7?lang=cs&do=confirmForm-form-submit
[2011-02-22 23-41-27] PHP Fatal error: Uncaught exception BadRequestException with message 'Item not found.' in /var/www/projekty/aero/app/presenters/BasePresenter.php:56  @  http://localhost/projekty/aero/web/admin/video/view/7?lang=cs&do=confirmForm-form-submit
[2011-03-10 11-56-39] PHP Fatal error: Uncaught exception BadRequestException with message 'No route for HTTP request.' in /var/www/projekty/aero/libs/Nette/Nette/loader.php:550  @  http://localhost/projekty/aero/web/gallery/video/16_100930-2032-eon-hubschrauber.flv
[2011-04-11 22-39-34] PHP Fatal error: Uncaught exception BadRequestException with message 'Item not found.' in /var/www/projekty/aero/app/presenters/BasePresenter.php:60  @  http://localhost/projekty/aero/web/cs/video/update-views?id=19
[2011-04-12 15-15-10] PHP Fatal error: Undefined index: title_cs in /var/www/projekty/aero/libs/NotORM/NotORM/Row.php:132  @  http://localhost/projekty/aero/web/cs/feed/atom
[2011-04-12 15-15-30] PHP Fatal error: Undefined index: title_cs in /var/www/projekty/aero/libs/NotORM/NotORM/Row.php:132  @  http://localhost/projekty/aero/web/cs/feed/atom
[2011-04-12 15-46-16] PHP Fatal error: Undefined index: lang in /var/www/projekty/aero/app/AppRouter.php:62  @  http://localhost/projekty/aero/web/cs/feed/atom
[2011-04-12 15-46-28] PHP Fatal error: Undefined index: lang in /var/www/projekty/aero/app/AppRouter.php:62  @  http://localhost/projekty/aero/web/cs/feed/atom
[2011-05-04 23-25-09] PHP Fatal error: Uncaught exception BadRequestException with message 'Page not found. Missing template '…/AdminModule/templates/Video/updateViews.latte'.' in /var/www/projekty/aero/libs/Nette/Nette/loader.php:763  @  http://localhost/projekty/aero/web/admin/video/update-views/17?lang=cs
[2011-05-04 23-25-31] PHP Fatal error: Uncaught exception BadRequestException with message 'Page not found. Missing template '…/AdminModule/templates/Video/updateViews.latte'.' in /var/www/projekty/aero/libs/Nette/Nette/loader.php:763  @  http://localhost/projekty/aero/web/admin/video/update-views/21?lang=cs
[2011-05-04 23-25-43] PHP Fatal error: Uncaught exception BadRequestException with message 'Page not found. Missing template '…/AdminModule/templates/Video/updateViews.latte'.' in /var/www/projekty/aero/libs/Nette/Nette/loader.php:763  @  http://localhost/projekty/aero/web/admin/video/update-views/21?lang=cs
[2011-05-05 21-45-28] PHP Fatal error: Call to a member function delete() on a non-object in /var/www/projekty/aero/app/AdminModule/presenters/VideoPresenter.php:257  @  http://localhost/projekty/aero/web/admin/video/?lang=cs&do=confirmForm-form-submit
[2011-05-05 21-46-52] PHP Fatal error: Call to a member function delete() on a non-object in /var/www/projekty/aero/app/AdminModule/presenters/VideoPresenter.php:257  @  http://localhost/projekty/aero/web/admin/video/?lang=cs&do=confirmForm-form-submit
[2011-05-05 21-47-25] PHP Fatal error: Call to a member function delete() on a non-object in /var/www/projekty/aero/app/AdminModule/presenters/VideoPresenter.php:257  @  http://localhost/projekty/aero/web/admin/video/?lang=cs&do=confirmForm-form-submit
[2011-05-06 15-09-00] PHP Fatal error: Undefined offset: 1 in /var/www/projekty/aero/app/AdminModule/presenters/ArticlePresenter.php:109  @  http://localhost/projekty/aero/web/admin/article/?do=confirmForm-form-submit
[2011-05-06 15-11-00] PHP Fatal error: Undefined offset: 1 in /var/www/projekty/aero/app/AdminModule/presenters/ArticlePresenter.php:109  @  http://localhost/projekty/aero/web/admin/article/?do=confirmForm-form-submit
[2011-05-06 15-12-52] PHP Fatal error: Undefined offset: 1 in /var/www/projekty/aero/app/AdminModule/presenters/ArticlePresenter.php:109  @  http://localhost/projekty/aero/web/admin/article/?do=confirmForm-form-submit
[2011-05-06 16-43-09] PHP Fatal error: Undefined index: id in /var/www/projekty/aero/app/AdminModule/presenters/ArticlePresenter.php:97  @  http://localhost/projekty/aero/web/admin/article/new?do=confirmForm-confirmDelete
[2011-05-06 16-43-43] PHP Fatal error: Undefined index: id in /var/www/projekty/aero/app/AdminModule/presenters/ArticlePresenter.php:97  @  http://localhost/projekty/aero/web/admin/article/new?do=confirmForm-confirmDelete
